===============活动ID:705788898775109 兜底验证开始==========
验证时间:2025-08-07 10:43:42.974

===============兜底验证前状态检查==========
签项ID:1 - 目标:58人, 当前:58人, 人数正确 ✅
签项ID:2 - 目标:58人, 当前:58人, 人数正确 ✅
签项ID:3 - 目标:58人, 当前:58人, 人数正确 ✅
签项ID:4 - 目标:58人, 当前:58人, 人数正确 ✅
签项ID:5 - 目标:58人, 当前:58人, 人数正确 ✅
签项ID:6 - 目标:58人, 当前:58人, 人数正确 ✅
签项ID:7 - 目标:59人, 当前:59人, 人数正确 ✅
签项ID:8 - 目标:59人, 当前:59人, 人数正确 ✅

===============无需兜底修正==========
没有超出目标的签项
没有不足目标的签项

===============兜底验证后最终检查==========
签项ID:1 - 目标:58人, 实际:58人 ✅ 验证通过
签项ID:2 - 目标:58人, 实际:58人 ✅ 验证通过
签项ID:3 - 目标:58人, 实际:58人 ✅ 验证通过
签项ID:4 - 目标:58人, 实际:58人 ✅ 验证通过
签项ID:5 - 目标:58人, 实际:58人 ✅ 验证通过
签项ID:6 - 目标:58人, 实际:58人 ✅ 验证通过
签项ID:7 - 目标:59人, 实际:59人 ✅ 验证通过
签项ID:8 - 目标:59人, 实际:59人 ✅ 验证通过

===============兜底验证结果==========
✅ 所有签项人数验证通过，可以安全写入数据库
===============兜底验证结束==========


===============活动ID:705788898775109  分配结果==========
分配开始时间:2025-08-07 10:43:42.970
分配耗时:10ms
全局分配用户: 466人 [benrenjia, xinhe, dongqiu, herbertwang, vincwu, howardli, libinwei, nandymao, dragonren, olivezhou, wenyizhao, blankzhang, v_wylsun, wangxu, youngliu, rizzoyuan, graywu, jianzhou, johnnyyang, austindai, xuanfei, wimliu, jerryzhang, jennyjiang, owenzhang, wenshengliu, junguo, xiaokuiwu, jianxionghe, haoshenni, taojiang, yutisong, shijinluo, humbertyao, allenyu, walkerliu, tiantianhu, leelei, rickhuang, hongqinluo, toddshi, wenlchen, loganshi, billshi, tobywu, diodehe, skylaryu, stephenzhou, arthurjin, jayceyang, siriushu, lumku, qiansongqu, qiankunzhou, zinniamou, allenmeng, feiwu, shimonwang, docwang, kikiwang, zhifengwang, tonyyang, dahnachang, summerwang, emilyxie, dariayan, yaninwei, kevinke, qingyiluan, gaoxiangqi, nickzhou, joryshang, manhuang, lisaxiao, michaelbie, lakerli, xinhong, codyli, milespeng, jessecai, alexxliu, lijieliu, ivesxiong, xiangxiao, eruditemao, huafengzeng, ruizhang, rawlinschen, kriashen, averyxiong, jinghangluo, ningluo, junzou, chengjiexu, frankfu, skywu, allonxu, guanglinhe, zoeypang, thorintong, markoidliu, nobugchen, xichzhang, jeffshu, xialeixu, evansxie, hankswei, qiushudai, victoryang, jeremyxia, mondoryma, weiqiangji, yogali, lindacheng, benxiao, leodeng, yongxiao, qiangli, guozhujiang, jianweiwang, shuangpan, monayuan, dylanding, norahuang, jksli, fergusgao, hongweiyang, dantepeng, jiajunma, sabrishen, stevendeng, shibozou, bowu, carlbai, leoxxdeng, aurelianqiu, casionxia, guangwufeng, jasonyuan, kangtxiong, martinliu, evanyan, ningwu, rickygui, qiuchenghe, fanglinpeng, michealma, hangyuruan, jefferychen, leaveshuang, lesliecheng, zoeyzhou, shiqishao, kaiwan, emilyye, zlzhou, nikexu, herrychen, jasonhu, cristolding, kiraliang, nathanhong, xiweili, andyxu, jieluo, zkpeng, qiaodeng, vitowang, carolinali, arlenzheng, zzmao, xijunchen, wenbinggong, kinghao, colinwu, sivanli, chandlermei, conglinleng, zanezhao, benxu, mandyhe, williamfeng, beanxu, peleuszou, lindajiang, hannwu, jaminxu, sweetyin, randlezhang, shilinwang, fansong, ericzhao, kangchen, ginkoxu, shengnanyao, joyhuang, micahyin, yancheng, fangfangliu, royxu, andyming, jiaboxie, zilingli, qiangxu, lixie, yongtailiu, cpxing, caelumhu, surizhang, jennyqin, eddiewang, stevenxu, kuixu, rockywei, zhaopingyao, xudonghan, qimengsun, weidongfeng, jadehuang, ruoxuzhang, yongliu, rookietang, yakyang, leofengding, wenjiawu, yujuewang, kellymeng, anderliu, dianlv, skylerhuang, xiyu, waylonhe, fengtinglu, siyanghuang, linyunhuang, samzhang, sihangwang, barryshu, caryliao, eddieshi, morrisli, leonzhang, aaronzhang, ebenhu, kempzhang, donniexu, ronglinwang, damonzhang, wencychen, qianlong, rorozhang, shaofanli, qisiliu, tonyding, doreenguo, douxzhang, liaolu, v_wymlxu, canlecai, edsionshi, zhiminwang, chuckcao, flackyang, ianwang, jiaqicui, arionliu, kelvinzhou, nebulali, qingqizeng, v_zxhe, phoenixrong, yasinguo, danielwu, jensxie, maxzhang, shouyizhou, jinzheng, raynewang, junwang, shuaiwang, karlwang, georgezhu, diwu, licui, joeyxu, v_lucui, bobbyzhong, jiahuiye, mercurjiang, jiaweikou, jaycefang, v_wyxhshi, whitneyding, candyji, xiangliu, zhaohuiwang, shibozhang, leviwang, kaipengxu, xindan, kaixu, linxchen, cicichen, haoqunliu, haydenhan, xiaojianxia, haoranli, kezhang, winniwu, johnsonzhao, quanzhang, shunxili, xinyinshu, edisonwu, haiyangguo, jonathanli, aiqichen, colinxu, tommylin, zerolli, seanwan, jasonyi, jinghaowei, jackfang, planckchen, xinchen, zhikangwang, gaoyuanhe, rouzhitang, lionelli, longcui, xiaowu, zllzhan, issaclu, xiagangxiao, liuqanzhang, bojackli, chicoliu, jiezhang, cccpeng, kaidenxu, jiabingliu, efrenmei, judyzzhang, waltluo, pengfeili, zhaobincai, ethanwang, scluo, kunyou, jadenliang, xinxu, jiulinlong, flyhuang, yuewang, weikangxu, joyzhan, rafakuai, zhenyang, tonygan, zetrunliu, luyou, luyingwang, daneduan, penhuazhang, lingwang, xingan, janceyli, jiahaolong, junxiao, changyi, syroalxiao, jackyyu, rainbowhan, jingjunkong, jerrysun, fredzhan, wenjunyou, henryhuang, bowenduan, joanyu, lennychen, strongyang, yufang, derekye, bougieliu, wiliamliu, wanligu, dannydeng, avaxiang, winniegong, yanlingli, kevinwang, jayzhu, liamyang, jieniwu, shaneshen, v_karenliao, taozheng, haitaowang, lanlanzhang, jetsun, banfu, hkchang, qijunluo, norazeng, pengfeizhou, caryxia, kaijia, aibowu, gangliu, soaringyan, joayan, harrisluo, wenjiezhang, ryanli, vincenttang, haodu, zoejin, hardyli, tiaouyang, kaiguo, enzoliu, waynecui, annwang, robotchen, billxiong, dobbywu, jingzhang, nangao, henryliu, burdezhang, mjyu, hengxiao, minduan, linkerwang, bobchen, cheiapeng, froggynie, rexwang, hughzhao, quanzhou, lucienxiang, zhijunzhou, jiezhu, qinggaopan, yuxisu, junzhang, leakeyli, freddieyou, saiqiu, chynajin, liangcheng, pengcai, zedwang, zhongxu, shawnawang, liangdonghu, shaoqisun, jiajian, lucasyuan, ruihu, xingyan, feiyuan, jackeymao, weijiang]

===============分配明细 ===================

签项 ID: 1   总分配: 58人
  - 规则ID:1001(P1): 匹配候选3人, 实际分配0人, 分配名单=[], 匹配候选名单=[benrenjia, xinhe, dongqiu], 规则要求>=1人
  - 规则ID:1002(P1): 匹配候选3人, 实际分配0人, 分配名单=[], 匹配候选名单=[herbertwang, vincwu, howardli], 规则要求=1人
  - 规则ID:1003(P1): 匹配候选3人, 实际分配1人, 分配名单=[dragonren], 匹配候选名单=[libinwei, nandymao, dragonren], 规则要求<=1人
  - 补齐分配: 实际分配57人, 分配名单=[thorintong, jasonyi, jennyjiang, gaoxiangqi, dobbywu, skywu, wanligu, whitneyding, qingqizeng, karlwang, jinzheng, kaiguo, cccpeng, jonathanli, annwang, yufang, zkpeng, jiahuiye, cpxing, yutisong, joayan, kevinke, caryxia, chynajin, lucienxiang, lakerli, quanzhang, jksli, cristolding, jiaweikou, dahnachang, micahyin, lindajiang, derekye, shuangpan, liuqanzhang, feiyuan, fredzhan, jaycefang, ningluo, jianzhou, nangao, canlecai, dylanding, aibowu, wencychen, rizzoyuan, wiliamliu, jessecai, froggynie, aiqichen, shaofanli, jadehuang, qiushudai, kunyou, xingyan, qimengsun]
  总分配: 58/58人

签项 ID: 2   总分配: 58人
  - 规则ID:2001(P1): 匹配候选3人, 实际分配0人, 分配名单=[], 匹配候选名单=[benrenjia, xinhe, dongqiu], 规则要求>=1人
  - 规则ID:2002(P1): 匹配候选3人, 实际分配0人, 分配名单=[], 匹配候选名单=[herbertwang, vincwu, howardli], 规则要求=1人
  - 规则ID:2003(P1): 匹配候选3人, 实际分配1人, 分配名单=[libinwei], 匹配候选名单=[libinwei, nandymao, dragonren], 规则要求<=1人
  - 补齐分配: 实际分配57人, 分配名单=[kriashen, anderliu, wenlchen, guanglinhe, shijinluo, liangcheng, vincwu, tonyyang, samzhang, shibozhang, freddieyou, shengnanyao, yongxiao, kevinwang, junwang, manhuang, shaneshen, yongliu, ivesxiong, wenshengliu, jieluo, harrisluo, lisaxiao, cicichen, tommylin, jingjunkong, xindan, pengcai, jensxie, hughzhao, damonzhang, jianxionghe, bojackli, fansong, yancheng, tonygan, longcui, blankzhang, martinliu, wangxu, weijiang, banfu, zhaohuiwang, colinxu, bobbyzhong, milespeng, edsionshi, austindai, sabrishen, zlzhou, jiahaolong, burdezhang, norahuang, leodeng, zhenyang, jasonhu, qiaodeng]
  总分配: 58/58人

签项 ID: 3   总分配: 58人
  - 规则ID:3001(P1): 匹配候选3人, 实际分配0人, 分配名单=[], 匹配候选名单=[benrenjia, xinhe, dongqiu], 规则要求>=1人
  - 规则ID:3002(P1): 匹配候选3人, 实际分配0人, 分配名单=[], 匹配候选名单=[herbertwang, vincwu, howardli], 规则要求=1人
  - 规则ID:3003(P1): 匹配候选3人, 实际分配1人, 分配名单=[nandymao], 匹配候选名单=[libinwei, nandymao, dragonren], 规则要求<=1人
  - 补齐分配: 实际分配57人, 分配名单=[weikangxu, v_wylsun, xiangxiao, ericzhao, jetsun, v_karenliao, kiraliang, lesliecheng, kaixu, jiajian, jinghangluo, mondoryma, fengtinglu, hardyli, zilingli, xiangliu, lucasyuan, xiaojianxia, chandlermei, haitaowang, jingzhang, jieniwu, shunxili, wimliu, zerolli, stephenzhou, janceyli, summerwang, hankswei, dianlv, jeremyxia, avaxiang, waylonhe, zhongxu, shimonwang, shibozou, minduan, junxiao, hengxiao, jiezhu, xichzhang, leofengding, peleuszou, qiangli, qisiliu, xuanfei, randlezhang, qingyiluan, zhifengwang, allonxu, joanyu, lanlanzhang, rockywei, jinghaowei, conglinleng, jayceyang, liangdonghu]
  总分配: 58/58人

签项 ID: 4   总分配: 58人
  - 规则ID:4001(P1): 匹配候选3人, 实际分配0人, 分配名单=[], 匹配候选名单=[benrenjia, xinhe, dongqiu], 规则要求>=1人
  - 规则ID:4002(P1): 匹配候选3人, 实际分配0人, 分配名单=[], 匹配候选名单=[herbertwang, vincwu, howardli], 规则要求=1人
  - 规则ID:4003(P1): 匹配候选3人, 实际分配0人, 分配名单=[], 匹配候选名单=[libinwei, nandymao, dragonren], 规则要求<=1人
  - 补齐分配: 实际分配58人, 分配名单=[leelei, jefferychen, yongtailiu, vincenttang, yuewang, yanlingli, xiweili, cheiapeng, kelvinzhou, rookietang, jennyqin, kaijia, billxiong, zoejin, dannydeng, nobugchen, zhaopingyao, markoidliu, yaninwei, monayuan, olivezhou, quanzhou, joeyxu, fergusgao, jaminxu, scluo, andyming, ningwu, bougieliu, rorozhang, youngliu, eddiewang, kangtxiong, haoqunliu, waynecui, zhijunzhou, weiqiangji, humbertyao, codyli, haiyangguo, xudonghan, yujuewang, lionelli, evanyan, diwu, shiqishao, junguo, qinggaopan, arlenzheng, xingan, xinyinshu, shaoqisun, haoshenni, xiagangxiao, zetrunliu, ethanwang, eddieshi, stevendeng]
  总分配: 58/58人

签项 ID: 5   总分配: 58人
  - 规则ID:5001(P1): 匹配候选3人, 实际分配0人, 分配名单=[], 匹配候选名单=[benrenjia, xinhe, dongqiu], 规则要求>=1人
  - 规则ID:5002(P1): 匹配候选3人, 实际分配0人, 分配名单=[], 匹配候选名单=[herbertwang, vincwu, howardli], 规则要求=1人
  - 规则ID:5003(P1): 匹配候选3人, 实际分配0人, 分配名单=[], 匹配候选名单=[libinwei, nandymao, dragonren], 规则要求<=1人
  - 补齐分配: 实际分配58人, 分配名单=[hongweiyang, guozhujiang, saiqiu, waltluo, emilyxie, pengfeizhou, diodehe, carolinali, dantepeng, rickhuang, zoeyzhou, rawlinschen, fangfangliu, leoxxdeng, xiaokuiwu, caelumhu, taojiang, wenbinggong, liamyang, casionxia, kempzhang, alexxliu, kaipengxu, walkerliu, sweetyin, qiansongqu, lumku, zedwang, hangyuruan, williamfeng, luyou, bowenduan, zllzhan, haydenhan, taozheng, tiaouyang, winniwu, donniexu, royxu, leviwang, frankfu, junzhang, chicoliu, xiaowu, danielwu, shouyizhou, jackyyu, joryshang, yasinguo, qiankunzhou, nikexu, licui, ebenhu, wenjunyou, lingwang, jerryzhang, flyhuang, kangchen]
  总分配: 58/58人

签项 ID: 6   总分配: 58人
  - 规则ID:6001(P1): 匹配候选3人, 实际分配0人, 分配名单=[], 匹配候选名单=[benrenjia, xinhe, dongqiu], 规则要求>=1人
  - 规则ID:6002(P1): 匹配候选3人, 实际分配0人, 分配名单=[], 匹配候选名单=[herbertwang, vincwu, howardli], 规则要求=1人
  - 规则ID:6003(P1): 匹配候选3人, 实际分配0人, 分配名单=[], 匹配候选名单=[libinwei, nandymao, dragonren], 规则要求<=1人
  - 补齐分配: 实际分配58人, 分配名单=[syroalxiao, eruditemao, nickzhou, beanxu, seanwan, zhiminwang, aaronzhang, leonzhang, chuckcao, herbertwang, jiaboxie, barryshu, carlbai, huafengzeng, weidongfeng, jianweiwang, xiyu, luyingwang, linxchen, rafakuai, qianlong, xialeixu, dariayan, jackfang, gaoyuanhe, xinhong, chengjiexu, toddshi, linkerwang, benxiao, herrychen, guangwufeng, v_wyxhshi, howardli, kaiwan, yakyang, xijunchen, arionliu, tobywu, wenyizhao, kezhang, issaclu, penhuazhang, flackyang, yuxisu, jiezhang, jasonyuan, bobchen, nathanhong, johnnyyang, xinhe, benrenjia, doreenguo, joyzhan, mercurjiang, rickygui, aurelianqiu, v_wymlxu]
  总分配: 58/58人

签项 ID: 7   总分配: 59人
  - 规则ID:7001(P1): 匹配候选3人, 实际分配0人, 分配名单=[], 匹配候选名单=[benrenjia, xinhe, dongqiu], 规则要求>=1人
  - 规则ID:7002(P1): 匹配候选3人, 实际分配0人, 分配名单=[], 匹配候选名单=[herbertwang, vincwu, howardli], 规则要求=1人
  - 规则ID:7003(P1): 匹配候选3人, 实际分配0人, 分配名单=[], 匹配候选名单=[libinwei, nandymao, dragonren], 规则要求<=1人
  - 补齐分配: 实际分配59人, 分配名单=[jackeymao, kuixu, xinxu, linyunhuang, judyzzhang, raynewang, edisonwu, lixie, jiajunma, kikiwang, maxzhang, xinchen, wenjiezhang, robotchen, qiuchenghe, zinniamou, shawnawang, zzmao, liaolu, haoranli, docwang, hkchang, shilinwang, tonyding, sihangwang, siriushu, jiaqicui, candyji, v_lucui, owenzhang, ruihu, michealma, emilyye, victoryang, henryhuang, kinghao, siyanghuang, rainbowhan, vitowang, ruizhang, ronglinwang, rouzhitang, qiangxu, benxu, skylaryu, caryliao, graywu, jadenliang, shuaiwang, winniegong, junzou, pengfeili, zanezhao, nebulali, ginkoxu, douxzhang, strongyang, jeffshu, evansxie]
  总分配: 59/59人

签项 ID: 8   总分配: 59人
  - 规则ID:8001(P1): 匹配候选3人, 实际分配0人, 分配名单=[], 匹配候选名单=[benrenjia, xinhe, dongqiu], 规则要求>=1人
  - 规则ID:8002(P1): 匹配候选3人, 实际分配0人, 分配名单=[], 匹配候选名单=[herbertwang, vincwu, howardli], 规则要求=1人
  - 规则ID:8003(P1): 匹配候选3人, 实际分配0人, 分配名单=[], 匹配候选名单=[libinwei, nandymao, dragonren], 规则要求<=1人
  - 补齐分配: 实际分配59人, 分配名单=[kaidenxu, hongqinluo, lindacheng, arthurjin, joyhuang, soaringyan, enzoliu, daneduan, mjyu, tiantianhu, surizhang, v_zxhe, fanglinpeng, leaveshuang, jiulinlong, rexwang, jiabingliu, haodu, planckchen, wenjiawu, johnsonzhao, stevenxu, leakeyli, morrisli, ryanli, allenmeng, kellymeng, hannwu, georgezhu, mandyhe, ruoxuzhang, jayzhu, ianwang, yogali, billshi, sivanli, zhaobincai, averyxiong, dongqiu, andyxu, lennychen, phoenixrong, qijunluo, skylerhuang, gangliu, henryliu, allenyu, feiwu, zoeypang, changyi, zhikangwang, efrenmei, jerrysun, norazeng, colinwu, lijieliu, loganshi, bowu, michaelbie]
  总分配: 59/59人


===============活动ID:705788898775109 兜底验证开始==========
验证时间:2025-08-07 11:07:50.983

===============兜底验证前状态检查==========
签项ID:1 - 目标:58人, 当前:58人, 人数正确 ✅
签项ID:2 - 目标:58人, 当前:58人, 人数正确 ✅
签项ID:3 - 目标:58人, 当前:58人, 人数正确 ✅
签项ID:4 - 目标:58人, 当前:58人, 人数正确 ✅
签项ID:5 - 目标:58人, 当前:58人, 人数正确 ✅
签项ID:6 - 目标:58人, 当前:58人, 人数正确 ✅
签项ID:7 - 目标:59人, 当前:59人, 人数正确 ✅
签项ID:8 - 目标:59人, 当前:59人, 人数正确 ✅

===============无需兜底修正==========
没有超出目标的签项
没有不足目标的签项

===============兜底验证后最终检查==========
签项ID:1 - 目标:58人, 实际:58人 ✅ 验证通过
签项ID:2 - 目标:58人, 实际:58人 ✅ 验证通过
签项ID:3 - 目标:58人, 实际:58人 ✅ 验证通过
签项ID:4 - 目标:58人, 实际:58人 ✅ 验证通过
签项ID:5 - 目标:58人, 实际:58人 ✅ 验证通过
签项ID:6 - 目标:58人, 实际:58人 ✅ 验证通过
签项ID:7 - 目标:59人, 实际:59人 ✅ 验证通过
签项ID:8 - 目标:59人, 实际:59人 ✅ 验证通过

===============兜底验证结果==========
✅ 所有签项人数验证通过，可以安全写入数据库
===============兜底验证结束==========


===============活动ID:705788898775109  分配结果==========
分配开始时间:2025-08-07 11:07:50.979
分配耗时:8ms
全局分配用户: 466人 [benrenjia, xinhe, dongqiu, herbertwang, vincwu, howardli, libinwei, nandymao, dragonren, olivezhou, wenyizhao, blankzhang, v_wylsun, wangxu, youngliu, rizzoyuan, graywu, jianzhou, johnnyyang, austindai, xuanfei, wimliu, jerryzhang, jennyjiang, owenzhang, wenshengliu, junguo, xiaokuiwu, jianxionghe, haoshenni, taojiang, yutisong, shijinluo, humbertyao, allenyu, walkerliu, tiantianhu, leelei, rickhuang, hongqinluo, toddshi, wenlchen, loganshi, billshi, tobywu, diodehe, skylaryu, stephenzhou, arthurjin, jayceyang, siriushu, lumku, qiansongqu, qiankunzhou, zinniamou, allenmeng, feiwu, shimonwang, docwang, kikiwang, zhifengwang, tonyyang, dahnachang, summerwang, emilyxie, dariayan, yaninwei, kevinke, qingyiluan, gaoxiangqi, nickzhou, joryshang, manhuang, lisaxiao, michaelbie, lakerli, xinhong, codyli, milespeng, jessecai, alexxliu, lijieliu, ivesxiong, xiangxiao, eruditemao, huafengzeng, ruizhang, rawlinschen, kriashen, averyxiong, jinghangluo, ningluo, junzou, chengjiexu, frankfu, skywu, allonxu, guanglinhe, zoeypang, thorintong, markoidliu, nobugchen, xichzhang, jeffshu, xialeixu, evansxie, hankswei, qiushudai, victoryang, jeremyxia, mondoryma, weiqiangji, yogali, lindacheng, benxiao, leodeng, yongxiao, qiangli, guozhujiang, jianweiwang, shuangpan, monayuan, dylanding, norahuang, jksli, fergusgao, hongweiyang, dantepeng, jiajunma, sabrishen, stevendeng, shibozou, bowu, carlbai, leoxxdeng, aurelianqiu, casionxia, guangwufeng, jasonyuan, kangtxiong, martinliu, evanyan, ningwu, rickygui, qiuchenghe, fanglinpeng, michealma, hangyuruan, jefferychen, leaveshuang, lesliecheng, zoeyzhou, shiqishao, kaiwan, emilyye, zlzhou, nikexu, herrychen, jasonhu, cristolding, kiraliang, nathanhong, xiweili, andyxu, jieluo, zkpeng, qiaodeng, vitowang, carolinali, arlenzheng, zzmao, xijunchen, wenbinggong, kinghao, colinwu, sivanli, chandlermei, conglinleng, zanezhao, benxu, mandyhe, williamfeng, beanxu, peleuszou, lindajiang, hannwu, jaminxu, sweetyin, randlezhang, shilinwang, fansong, ericzhao, kangchen, ginkoxu, shengnanyao, joyhuang, micahyin, yancheng, fangfangliu, royxu, andyming, jiaboxie, zilingli, qiangxu, lixie, yongtailiu, cpxing, caelumhu, surizhang, jennyqin, eddiewang, stevenxu, kuixu, rockywei, zhaopingyao, xudonghan, qimengsun, weidongfeng, jadehuang, ruoxuzhang, yongliu, rookietang, yakyang, leofengding, wenjiawu, yujuewang, kellymeng, anderliu, dianlv, skylerhuang, xiyu, waylonhe, fengtinglu, siyanghuang, linyunhuang, samzhang, sihangwang, barryshu, caryliao, eddieshi, morrisli, leonzhang, aaronzhang, ebenhu, kempzhang, donniexu, ronglinwang, damonzhang, wencychen, qianlong, rorozhang, shaofanli, qisiliu, tonyding, doreenguo, douxzhang, liaolu, v_wymlxu, canlecai, edsionshi, zhiminwang, chuckcao, flackyang, ianwang, jiaqicui, arionliu, kelvinzhou, nebulali, qingqizeng, v_zxhe, phoenixrong, yasinguo, danielwu, jensxie, maxzhang, shouyizhou, jinzheng, raynewang, junwang, shuaiwang, karlwang, georgezhu, diwu, licui, joeyxu, v_lucui, bobbyzhong, jiahuiye, mercurjiang, jiaweikou, jaycefang, v_wyxhshi, whitneyding, candyji, xiangliu, zhaohuiwang, shibozhang, leviwang, kaipengxu, xindan, kaixu, linxchen, cicichen, haoqunliu, haydenhan, xiaojianxia, haoranli, kezhang, winniwu, johnsonzhao, quanzhang, shunxili, xinyinshu, edisonwu, haiyangguo, jonathanli, aiqichen, colinxu, tommylin, zerolli, seanwan, jasonyi, jinghaowei, jackfang, planckchen, xinchen, zhikangwang, gaoyuanhe, rouzhitang, lionelli, longcui, xiaowu, zllzhan, issaclu, xiagangxiao, liuqanzhang, bojackli, chicoliu, jiezhang, cccpeng, kaidenxu, jiabingliu, efrenmei, judyzzhang, waltluo, pengfeili, zhaobincai, ethanwang, scluo, kunyou, jadenliang, xinxu, jiulinlong, flyhuang, yuewang, weikangxu, joyzhan, rafakuai, zhenyang, tonygan, zetrunliu, luyou, luyingwang, daneduan, penhuazhang, lingwang, xingan, janceyli, jiahaolong, junxiao, changyi, syroalxiao, jackyyu, rainbowhan, jingjunkong, jerrysun, fredzhan, wenjunyou, henryhuang, bowenduan, joanyu, lennychen, strongyang, yufang, derekye, bougieliu, wiliamliu, wanligu, dannydeng, avaxiang, winniegong, yanlingli, kevinwang, jayzhu, liamyang, jieniwu, shaneshen, v_karenliao, taozheng, haitaowang, lanlanzhang, jetsun, banfu, hkchang, qijunluo, norazeng, pengfeizhou, caryxia, kaijia, aibowu, gangliu, soaringyan, joayan, harrisluo, wenjiezhang, ryanli, vincenttang, haodu, zoejin, hardyli, tiaouyang, kaiguo, enzoliu, waynecui, annwang, robotchen, billxiong, dobbywu, jingzhang, nangao, henryliu, burdezhang, mjyu, hengxiao, minduan, linkerwang, bobchen, cheiapeng, froggynie, rexwang, hughzhao, quanzhou, lucienxiang, zhijunzhou, jiezhu, qinggaopan, yuxisu, junzhang, leakeyli, freddieyou, saiqiu, chynajin, liangcheng, pengcai, zedwang, zhongxu, shawnawang, liangdonghu, shaoqisun, jiajian, lucasyuan, ruihu, xingyan, feiyuan, jackeymao, weijiang]

===============分配明细 ===================

签项 ID: 1   总分配: 58人
  - 规则ID:1001(P1): 匹配候选3人, 实际分配0人, 分配名单=[], 匹配候选名单=[benrenjia, xinhe, dongqiu], 规则要求>=1人
  - 规则ID:1002(P1): 匹配候选3人, 实际分配0人, 分配名单=[], 匹配候选名单=[herbertwang, vincwu, howardli], 规则要求=1人
  - 规则ID:1003(P1): 匹配候选3人, 实际分配1人, 分配名单=[nandymao], 匹配候选名单=[libinwei, nandymao, dragonren], 规则要求<=1人
  - 补齐分配: 实际分配57人, 分配名单=[v_wyxhshi, robotchen, zinniamou, kaixu, carlbai, wenjunyou, douxzhang, liuqanzhang, caryxia, nobugchen, ginkoxu, siriushu, joeyxu, haiyangguo, liaolu, kinghao, bowenduan, flackyang, qisiliu, tonygan, skylerhuang, kuixu, yaninwei, issaclu, jiezhang, howardli, pengfeizhou, jeffshu, docwang, monayuan, hkchang, skywu, cccpeng, conglinleng, vincwu, joayan, caryliao, mjyu, jadehuang, anderliu, qingyiluan, xudonghan, fengtinglu, jadenliang, arthurjin, toddshi, hughzhao, bojackli, qiangli, junguo, haoqunliu, ruizhang, maxzhang, rickhuang, zhaopingyao, longcui, xinxu]
  总分配: 58/58人

签项 ID: 2   总分配: 58人
  - 规则ID:2001(P1): 匹配候选3人, 实际分配0人, 分配名单=[], 匹配候选名单=[benrenjia, xinhe, dongqiu], 规则要求>=1人
  - 规则ID:2002(P1): 匹配候选3人, 实际分配0人, 分配名单=[], 匹配候选名单=[herbertwang, vincwu, howardli], 规则要求=1人
  - 规则ID:2003(P1): 匹配候选3人, 实际分配1人, 分配名单=[dragonren], 匹配候选名单=[libinwei, nandymao, dragonren], 规则要求<=1人
  - 补齐分配: 实际分配57人, 分配名单=[zllzhan, zhijunzhou, wenyizhao, zhaohuiwang, benxu, tonyding, walkerliu, fredzhan, shawnawang, jiezhu, fergusgao, jerryzhang, andyming, liamyang, billxiong, allenmeng, xiagangxiao, benxiao, emilyye, jennyjiang, diodehe, fanglinpeng, lennychen, hannwu, tiaouyang, lixie, zoeypang, linyunhuang, jiabingliu, jennyqin, xinhe, lucienxiang, yujuewang, daneduan, lindacheng, vitowang, soaringyan, lanlanzhang, wenlchen, yancheng, xindan, leofengding, winniegong, barryshu, shijinluo, leodeng, lingwang, zhiminwang, karlwang, dariayan, hangyuruan, arlenzheng, milespeng, zoejin, jiaboxie, junzou, weijiang]
  总分配: 58/58人

签项 ID: 3   总分配: 58人
  - 规则ID:3001(P1): 匹配候选3人, 实际分配0人, 分配名单=[], 匹配候选名单=[benrenjia, xinhe, dongqiu], 规则要求>=1人
  - 规则ID:3002(P1): 匹配候选3人, 实际分配0人, 分配名单=[], 匹配候选名单=[herbertwang, vincwu, howardli], 规则要求=1人
  - 规则ID:3003(P1): 匹配候选3人, 实际分配1人, 分配名单=[libinwei], 匹配候选名单=[libinwei, nandymao, dragonren], 规则要求<=1人
  - 补齐分配: 实际分配57人, 分配名单=[rexwang, eddieshi, feiyuan, wimliu, lindajiang, lesliecheng, shunxili, nathanhong, mercurjiang, yongxiao, linxchen, quanzhang, qinggaopan, zhikangwang, xinchen, aiqichen, scluo, shaneshen, arionliu, lakerli, jasonhu, dianlv, benrenjia, derekye, jianxionghe, yogali, canlecai, jinghangluo, rizzoyuan, weidongfeng, sweetyin, ethanwang, summerwang, blankzhang, quanzhou, evanyan, jieniwu, rickygui, haydenhan, ivesxiong, seanwan, qiushudai, tommylin, michaelbie, banfu, jingzhang, joyhuang, changyi, yongliu, rainbowhan, qijunluo, shimonwang, bowu, jackfang, yuxisu, leaveshuang, xiaojianxia]
  总分配: 58/58人

签项 ID: 4   总分配: 58人
  - 规则ID:4001(P1): 匹配候选3人, 实际分配0人, 分配名单=[], 匹配候选名单=[benrenjia, xinhe, dongqiu], 规则要求>=1人
  - 规则ID:4002(P1): 匹配候选3人, 实际分配0人, 分配名单=[], 匹配候选名单=[herbertwang, vincwu, howardli], 规则要求=1人
  - 规则ID:4003(P1): 匹配候选3人, 实际分配0人, 分配名单=[], 匹配候选名单=[libinwei, nandymao, dragonren], 规则要求<=1人
  - 补齐分配: 实际分配58人, 分配名单=[jetsun, cpxing, v_wymlxu, youngliu, kevinwang, rorozhang, jackyyu, nickzhou, kaiguo, aaronzhang, v_lucui, chengjiexu, kaijia, taojiang, jerrysun, flyhuang, colinwu, zkpeng, haodu, hengxiao, ebenhu, wangxu, ianwang, shilinwang, zlzhou, leonzhang, qiansongqu, xiangliu, eddiewang, shuangpan, jaminxu, royxu, kangchen, minduan, humbertyao, ruoxuzhang, dannydeng, mandyhe, harrisluo, beanxu, syroalxiao, liangdonghu, rawlinschen, lijieliu, leakeyli, ningluo, manhuang, leelei, gaoxiangqi, samzhang, kangtxiong, leviwang, waylonhe, freddieyou, yutisong, chandlermei, candyji, junxiao]
  总分配: 58/58人

签项 ID: 5   总分配: 58人
  - 规则ID:5001(P1): 匹配候选3人, 实际分配0人, 分配名单=[], 匹配候选名单=[benrenjia, xinhe, dongqiu], 规则要求>=1人
  - 规则ID:5002(P1): 匹配候选3人, 实际分配0人, 分配名单=[], 匹配候选名单=[herbertwang, vincwu, howardli], 规则要求=1人
  - 规则ID:5003(P1): 匹配候选3人, 实际分配0人, 分配名单=[], 匹配候选名单=[libinwei, nandymao, dragonren], 规则要求<=1人
  - 补齐分配: 实际分配58人, 分配名单=[jiulinlong, colinxu, zzmao, licui, wencychen, xiaokuiwu, jackeymao, stevendeng, guangwufeng, vincenttang, shaoqisun, enzoliu, xiaowu, gangliu, casionxia, peleuszou, jiaqicui, surizhang, doreenguo, tobywu, jaycefang, michealma, jianzhou, penhuazhang, ryanli, xijunchen, jksli, zerolli, jinzheng, burdezhang, alexxliu, owenzhang, yanlingli, nikexu, rouzhitang, evansxie, thorintong, cicichen, raynewang, wenjiezhang, donniexu, danielwu, sabrishen, georgezhu, qianlong, wenshengliu, wenjiawu, bobbyzhong, kellymeng, xichzhang, xiangxiao, shaofanli, diwu, tonyyang, guanglinhe, joryshang, zhongxu, avaxiang]
  总分配: 58/58人

签项 ID: 6   总分配: 58人
  - 规则ID:6001(P1): 匹配候选3人, 实际分配0人, 分配名单=[], 匹配候选名单=[benrenjia, xinhe, dongqiu], 规则要求>=1人
  - 规则ID:6002(P1): 匹配候选3人, 实际分配0人, 分配名单=[], 匹配候选名单=[herbertwang, vincwu, howardli], 规则要求=1人
  - 规则ID:6003(P1): 匹配候选3人, 实际分配0人, 分配名单=[], 匹配候选名单=[libinwei, nandymao, dragonren], 规则要求<=1人
  - 补齐分配: 实际分配58人, 分配名单=[waltluo, lisaxiao, caelumhu, siyanghuang, austindai, herbertwang, xialeixu, jieluo, zhifengwang, jinghaowei, linkerwang, leoxxdeng, hongweiyang, hankswei, lionelli, feiwu, graywu, kaiwan, qiaodeng, liangcheng, kiraliang, dantepeng, ningwu, qiankunzhou, bougieliu, jasonyuan, fansong, guozhujiang, jessecai, yuewang, dobbywu, strongyang, kevinke, lumku, haoshenni, ronglinwang, huafengzeng, xingan, shengnanyao, v_wylsun, wenbinggong, cristolding, yakyang, v_zxhe, qimengsun, xinhong, skylaryu, williamfeng, victoryang, saiqiu, nangao, herrychen, haitaowang, jianweiwang, zhenyang, kunyou, chicoliu, micahyin]
  总分配: 58/58人

签项 ID: 7   总分配: 59人
  - 规则ID:7001(P1): 匹配候选3人, 实际分配0人, 分配名单=[], 匹配候选名单=[benrenjia, xinhe, dongqiu], 规则要求>=1人
  - 规则ID:7002(P1): 匹配候选3人, 实际分配0人, 分配名单=[], 匹配候选名单=[herbertwang, vincwu, howardli], 规则要求=1人
  - 规则ID:7003(P1): 匹配候选3人, 实际分配0人, 分配名单=[], 匹配候选名单=[libinwei, nandymao, dragonren], 规则要求<=1人
  - 补齐分配: 实际分配59人, 分配名单=[kaipengxu, luyou, nebulali, andyxu, planckchen, waynecui, zhaobincai, janceyli, morrisli, emilyxie, xuanfei, shibozhang, martinliu, xinyinshu, weikangxu, yongtailiu, markoidliu, shiqishao, chynajin, jasonyi, weiqiangji, jiaweikou, jingjunkong, kezhang, dongqiu, jiahuiye, kaidenxu, xingyan, lucasyuan, wanligu, yasinguo, winniwu, gaoyuanhe, stevenxu, pengcai, rookietang, codyli, billshi, qiuchenghe, jefferychen, sivanli, frankfu, johnnyyang, dahnachang, ruihu, kelvinzhou, kikiwang, aibowu, v_karenliao, norazeng, olivezhou, aurelianqiu, jayceyang, fangfangliu, averyxiong, qiangxu, joyzhan, jeremyxia, edsionshi]
  总分配: 59/59人

签项 ID: 8   总分配: 59人
  - 规则ID:8001(P1): 匹配候选3人, 实际分配0人, 分配名单=[], 匹配候选名单=[benrenjia, xinhe, dongqiu], 规则要求>=1人
  - 规则ID:8002(P1): 匹配候选3人, 实际分配0人, 分配名单=[], 匹配候选名单=[herbertwang, vincwu, howardli], 规则要求=1人
  - 规则ID:8003(P1): 匹配候选3人, 实际分配0人, 分配名单=[], 匹配候选名单=[libinwei, nandymao, dragonren], 规则要求<=1人
  - 补齐分配: 实际分配59人, 分配名单=[joanyu, rockywei, randlezhang, phoenixrong, kempzhang, zedwang, stephenzhou, johnsonzhao, froggynie, shouyizhou, jiahaolong, allenyu, norahuang, pengfeili, annwang, chuckcao, junwang, xiweili, wiliamliu, whitneyding, loganshi, damonzhang, efrenmei, judyzzhang, taozheng, zoeyzhou, dylanding, cheiapeng, henryhuang, rafakuai, ericzhao, henryliu, zilingli, hardyli, luyingwang, jensxie, jiajunma, allonxu, shibozou, tiantianhu, jayzhu, hongqinluo, jiajian, shuaiwang, mondoryma, zanezhao, qingqizeng, haoranli, junzhang, eruditemao, jonathanli, sihangwang, bobchen, carolinali, xiyu, edisonwu, yufang, kriashen, zetrunliu]
  总分配: 59/59人


